<?xml version="1.0" encoding="UTF-8"?>
<!-- Generated by org.testng.reporters.JUnitReportReporter -->
<testsuite hostname="DESKTOP-0RQF8FK" failures="0" tests="1" name="orangehrm.testcases.EmployeeRegTest" time="7.565" errors="0" timestamp="2023-03-17T09:24:33 IST" skipped="0">
  <testcase classname="orangehrm.testcases.EmployeeRegTest" name="checkEmpReg" time="7.565"/>
  <system-out/>
</testsuite> <!-- orangehrm.testcases.EmployeeRegTest -->
